[0.484s] Invoking command in '/home/user/simulation_ws/build/fastbot_realrobot': CMAKE_PREFIX_PATH=${CMAKE_PREFIX_PATH}:/home/simulations/ros2_sims_ws/install/rclrs_tests:/home/simulations/ros2_sims_ws/install/examples_rclrs_minimal_client_service:/home/simulations/ros2_sims_ws/install/sensor_msgs_py:/home/simulations/ros2_sims_ws/install/examples_rclrs_minimal_pub_sub:/home/simulations/ros2_sims_ws/install/examples_rclrs_message_demo:/home/simulations/ros2_sims_ws/install/rclrs:/home/simulations/ros2_sims_ws/install/rosidl_runtime_rs:/opt/ros/humble _=/usr/bin/env /usr/bin/cmake /home/user/simulation_ws/src/fastbot_realrobot -DCMAKE_INSTALL_PREFIX=/home/user/simulation_ws/install/fastbot_realrobot
[0.634s] -- The C compiler identification is GNU 11.4.0
[0.783s] -- The CXX compiler identification is GNU 11.4.0
[0.795s] -- Detecting C compiler ABI info
[0.950s] -- Detecting C compiler ABI info - done
[0.964s] -- Check for working C compiler: /usr/bin/cc - skipped
[0.964s] -- Detecting C compile features
[0.965s] -- Detecting C compile features - done
[0.970s] -- Detecting CXX compiler ABI info
[1.117s] -- Detecting CXX compiler ABI info - done
[1.130s] -- Check for working CXX compiler: /usr/bin/c++ - skipped
[1.131s] -- Detecting CXX compile features
[1.132s] -- Detecting CXX compile features - done
[1.145s] -- Found ament_cmake: 1.3.8 (/opt/ros/humble/share/ament_cmake/cmake)
[1.482s] -- Found Python3: /usr/bin/python3 (found version "3.10.12") found components: Interpreter 
[1.794s] -- Found ament_lint_auto: 0.12.10 (/opt/ros/humble/share/ament_lint_auto/cmake)
[2.025s] -- Added test 'flake8' to check Python code syntax and style conventions
[2.026s] -- Added test 'lint_cmake' to check CMake code style
[2.028s] -- Added test 'pep257' to check Python code against some of the docstring style conventions in PEP 257
[2.029s] -- Added test 'xmllint' to check XML markup files
[2.033s] -- Configuring done
[2.037s] -- Generating done
[2.037s] -- Build files have been written to: /home/user/simulation_ws/build/fastbot_realrobot
[2.043s] Invoked command in '/home/user/simulation_ws/build/fastbot_realrobot' returned '0': CMAKE_PREFIX_PATH=${CMAKE_PREFIX_PATH}:/home/simulations/ros2_sims_ws/install/rclrs_tests:/home/simulations/ros2_sims_ws/install/examples_rclrs_minimal_client_service:/home/simulations/ros2_sims_ws/install/sensor_msgs_py:/home/simulations/ros2_sims_ws/install/examples_rclrs_minimal_pub_sub:/home/simulations/ros2_sims_ws/install/examples_rclrs_message_demo:/home/simulations/ros2_sims_ws/install/rclrs:/home/simulations/ros2_sims_ws/install/rosidl_runtime_rs:/opt/ros/humble _=/usr/bin/env /usr/bin/cmake /home/user/simulation_ws/src/fastbot_realrobot -DCMAKE_INSTALL_PREFIX=/home/user/simulation_ws/install/fastbot_realrobot
[2.046s] Invoking command in '/home/user/simulation_ws/build/fastbot_realrobot': CMAKE_PREFIX_PATH=${CMAKE_PREFIX_PATH}:/home/simulations/ros2_sims_ws/install/rclrs_tests:/home/simulations/ros2_sims_ws/install/examples_rclrs_minimal_client_service:/home/simulations/ros2_sims_ws/install/sensor_msgs_py:/home/simulations/ros2_sims_ws/install/examples_rclrs_minimal_pub_sub:/home/simulations/ros2_sims_ws/install/examples_rclrs_message_demo:/home/simulations/ros2_sims_ws/install/rclrs:/home/simulations/ros2_sims_ws/install/rosidl_runtime_rs:/opt/ros/humble _=/usr/bin/env /usr/bin/cmake --build /home/user/simulation_ws/build/fastbot_realrobot -- -j8 -l8
[2.107s] Invoked command in '/home/user/simulation_ws/build/fastbot_realrobot' returned '0': CMAKE_PREFIX_PATH=${CMAKE_PREFIX_PATH}:/home/simulations/ros2_sims_ws/install/rclrs_tests:/home/simulations/ros2_sims_ws/install/examples_rclrs_minimal_client_service:/home/simulations/ros2_sims_ws/install/sensor_msgs_py:/home/simulations/ros2_sims_ws/install/examples_rclrs_minimal_pub_sub:/home/simulations/ros2_sims_ws/install/examples_rclrs_message_demo:/home/simulations/ros2_sims_ws/install/rclrs:/home/simulations/ros2_sims_ws/install/rosidl_runtime_rs:/opt/ros/humble _=/usr/bin/env /usr/bin/cmake --build /home/user/simulation_ws/build/fastbot_realrobot -- -j8 -l8
[2.173s] Invoking command in '/home/user/simulation_ws/build/fastbot_realrobot': CMAKE_PREFIX_PATH=${CMAKE_PREFIX_PATH}:/home/simulations/ros2_sims_ws/install/rclrs_tests:/home/simulations/ros2_sims_ws/install/examples_rclrs_minimal_client_service:/home/simulations/ros2_sims_ws/install/sensor_msgs_py:/home/simulations/ros2_sims_ws/install/examples_rclrs_minimal_pub_sub:/home/simulations/ros2_sims_ws/install/examples_rclrs_message_demo:/home/simulations/ros2_sims_ws/install/rclrs:/home/simulations/ros2_sims_ws/install/rosidl_runtime_rs:/opt/ros/humble _=/usr/bin/env /usr/bin/cmake --install /home/user/simulation_ws/build/fastbot_realrobot
[2.185s] -- Install configuration: ""
[2.185s] -- Installing: /home/user/simulation_ws/install/fastbot_realrobot/share/fastbot_realrobot//launch
[2.185s] -- Installing: /home/user/simulation_ws/install/fastbot_realrobot/share/fastbot_realrobot//launch/rviz.launch.py
[2.185s] -- Installing: /home/user/simulation_ws/install/fastbot_realrobot/share/fastbot_realrobot//launch/main_fastbot_lab.launch.xml
[2.185s] -- Installing: /home/user/simulation_ws/install/fastbot_realrobot/share/fastbot_realrobot//rviz
[2.185s] -- Installing: /home/user/simulation_ws/install/fastbot_realrobot/share/fastbot_realrobot//rviz/fastbot.rviz
[2.186s] -- Installing: /home/user/simulation_ws/install/fastbot_realrobot/share/ament_index/resource_index/package_run_dependencies/fastbot_realrobot
[2.186s] -- Installing: /home/user/simulation_ws/install/fastbot_realrobot/share/ament_index/resource_index/parent_prefix_path/fastbot_realrobot
[2.186s] -- Installing: /home/user/simulation_ws/install/fastbot_realrobot/share/fastbot_realrobot/environment/ament_prefix_path.sh
[2.186s] -- Installing: /home/user/simulation_ws/install/fastbot_realrobot/share/fastbot_realrobot/environment/ament_prefix_path.dsv
[2.187s] -- Installing: /home/user/simulation_ws/install/fastbot_realrobot/share/fastbot_realrobot/environment/path.sh
[2.187s] -- Installing: /home/user/simulation_ws/install/fastbot_realrobot/share/fastbot_realrobot/environment/path.dsv
[2.187s] -- Installing: /home/user/simulation_ws/install/fastbot_realrobot/share/fastbot_realrobot/local_setup.bash
[2.187s] -- Installing: /home/user/simulation_ws/install/fastbot_realrobot/share/fastbot_realrobot/local_setup.sh
[2.187s] -- Installing: /home/user/simulation_ws/install/fastbot_realrobot/share/fastbot_realrobot/local_setup.zsh
[2.187s] -- Installing: /home/user/simulation_ws/install/fastbot_realrobot/share/fastbot_realrobot/local_setup.dsv
[2.188s] -- Installing: /home/user/simulation_ws/install/fastbot_realrobot/share/fastbot_realrobot/package.dsv
[2.188s] -- Installing: /home/user/simulation_ws/install/fastbot_realrobot/share/ament_index/resource_index/packages/fastbot_realrobot
[2.188s] -- Installing: /home/user/simulation_ws/install/fastbot_realrobot/share/fastbot_realrobot/cmake/fastbot_realrobotConfig.cmake
[2.188s] -- Installing: /home/user/simulation_ws/install/fastbot_realrobot/share/fastbot_realrobot/cmake/fastbot_realrobotConfig-version.cmake
[2.189s] -- Installing: /home/user/simulation_ws/install/fastbot_realrobot/share/fastbot_realrobot/package.xml
[2.191s] Invoked command in '/home/user/simulation_ws/build/fastbot_realrobot' returned '0': CMAKE_PREFIX_PATH=${CMAKE_PREFIX_PATH}:/home/simulations/ros2_sims_ws/install/rclrs_tests:/home/simulations/ros2_sims_ws/install/examples_rclrs_minimal_client_service:/home/simulations/ros2_sims_ws/install/sensor_msgs_py:/home/simulations/ros2_sims_ws/install/examples_rclrs_minimal_pub_sub:/home/simulations/ros2_sims_ws/install/examples_rclrs_message_demo:/home/simulations/ros2_sims_ws/install/rclrs:/home/simulations/ros2_sims_ws/install/rosidl_runtime_rs:/opt/ros/humble _=/usr/bin/env /usr/bin/cmake --install /home/user/simulation_ws/build/fastbot_realrobot
