running egg_info
creating ../../build/python_basics_project/python_basics_project.egg-info
writing ../../build/python_basics_project/python_basics_project.egg-info/PKG-INFO
writing dependency_links to ../../build/python_basics_project/python_basics_project.egg-info/dependency_links.txt
writing entry points to ../../build/python_basics_project/python_basics_project.egg-info/entry_points.txt
writing requirements to ../../build/python_basics_project/python_basics_project.egg-info/requires.txt
writing top-level names to ../../build/python_basics_project/python_basics_project.egg-info/top_level.txt
writing manifest file '../../build/python_basics_project/python_basics_project.egg-info/SOURCES.txt'
reading manifest file '../../build/python_basics_project/python_basics_project.egg-info/SOURCES.txt'
writing manifest file '../../build/python_basics_project/python_basics_project.egg-info/SOURCES.txt'
running build
running build_py
creating /home/user/ros2_ws/build/python_basics_project/build
creating /home/user/ros2_ws/build/python_basics_project/build/lib
creating /home/user/ros2_ws/build/python_basics_project/build/lib/python_basics_project
copying python_basics_project/robot_control_noclass.py -> /home/user/ros2_ws/build/python_basics_project/build/lib/python_basics_project
copying python_basics_project/__init__.py -> /home/user/ros2_ws/build/python_basics_project/build/lib/python_basics_project
copying python_basics_project/robot_interface.py -> /home/user/ros2_ws/build/python_basics_project/build/lib/python_basics_project
copying python_basics_project/robot_control_classed.py -> /home/user/ros2_ws/build/python_basics_project/build/lib/python_basics_project
running install
running install_lib
creating /home/user/ros2_ws/install/python_basics_project/lib/python3.10/site-packages/python_basics_project
copying /home/user/ros2_ws/build/python_basics_project/build/lib/python_basics_project/robot_control_noclass.py -> /home/user/ros2_ws/install/python_basics_project/lib/python3.10/site-packages/python_basics_project
copying /home/user/ros2_ws/build/python_basics_project/build/lib/python_basics_project/__init__.py -> /home/user/ros2_ws/install/python_basics_project/lib/python3.10/site-packages/python_basics_project
copying /home/user/ros2_ws/build/python_basics_project/build/lib/python_basics_project/robot_interface.py -> /home/user/ros2_ws/install/python_basics_project/lib/python3.10/site-packages/python_basics_project
copying /home/user/ros2_ws/build/python_basics_project/build/lib/python_basics_project/robot_control_classed.py -> /home/user/ros2_ws/install/python_basics_project/lib/python3.10/site-packages/python_basics_project
byte-compiling /home/user/ros2_ws/install/python_basics_project/lib/python3.10/site-packages/python_basics_project/robot_control_noclass.py to robot_control_noclass.cpython-310.pyc
byte-compiling /home/user/ros2_ws/install/python_basics_project/lib/python3.10/site-packages/python_basics_project/__init__.py to __init__.cpython-310.pyc
byte-compiling /home/user/ros2_ws/install/python_basics_project/lib/python3.10/site-packages/python_basics_project/robot_interface.py to robot_interface.cpython-310.pyc
byte-compiling /home/user/ros2_ws/install/python_basics_project/lib/python3.10/site-packages/python_basics_project/robot_control_classed.py to robot_control_classed.cpython-310.pyc
running install_data
creating /home/user/ros2_ws/install/python_basics_project/share/ament_index
creating /home/user/ros2_ws/install/python_basics_project/share/ament_index/resource_index
creating /home/user/ros2_ws/install/python_basics_project/share/ament_index/resource_index/packages
copying resource/python_basics_project -> /home/user/ros2_ws/install/python_basics_project/share/ament_index/resource_index/packages
copying package.xml -> /home/user/ros2_ws/install/python_basics_project/share/python_basics_project
running install_egg_info
Copying ../../build/python_basics_project/python_basics_project.egg-info to /home/user/ros2_ws/install/python_basics_project/lib/python3.10/site-packages/python_basics_project-0.0.0-py3.10.egg-info
running install_scripts
Installing robot_interface script to /home/user/ros2_ws/install/python_basics_project/lib/python_basics_project
writing list of installed files to '/home/user/ros2_ws/build/python_basics_project/install.log'
