[1.102s] Invoking command in '/home/user/ros2_ws/src/python_basics_project': PYTHONPATH=/home/user/ros2_ws/build/python_basics_project/prefix_override:/home/user/ros2_ws/install/python_basics_project/lib/python3.10/site-packages:${PYTHONPATH} _=/usr/bin/env /usr/bin/python3 -W ignore:setup.py install is deprecated setup.py egg_info --egg-base ../../build/python_basics_project build --build-base /home/user/ros2_ws/build/python_basics_project/build install --record /home/user/ros2_ws/build/python_basics_project/install.log --single-version-externally-managed install_data
[1.393s] running egg_info
[1.394s] creating ../../build/python_basics_project/python_basics_project.egg-info
[1.394s] writing ../../build/python_basics_project/python_basics_project.egg-info/PKG-INFO
[1.394s] writing dependency_links to ../../build/python_basics_project/python_basics_project.egg-info/dependency_links.txt
[1.395s] writing entry points to ../../build/python_basics_project/python_basics_project.egg-info/entry_points.txt
[1.395s] writing requirements to ../../build/python_basics_project/python_basics_project.egg-info/requires.txt
[1.395s] writing top-level names to ../../build/python_basics_project/python_basics_project.egg-info/top_level.txt
[1.395s] writing manifest file '../../build/python_basics_project/python_basics_project.egg-info/SOURCES.txt'
[1.396s] reading manifest file '../../build/python_basics_project/python_basics_project.egg-info/SOURCES.txt'
[1.397s] writing manifest file '../../build/python_basics_project/python_basics_project.egg-info/SOURCES.txt'
[1.397s] running build
[1.397s] running build_py
[1.397s] creating /home/user/ros2_ws/build/python_basics_project/build
[1.397s] creating /home/user/ros2_ws/build/python_basics_project/build/lib
[1.397s] creating /home/user/ros2_ws/build/python_basics_project/build/lib/python_basics_project
[1.398s] copying python_basics_project/robot_control_noclass.py -> /home/user/ros2_ws/build/python_basics_project/build/lib/python_basics_project
[1.398s] copying python_basics_project/__init__.py -> /home/user/ros2_ws/build/python_basics_project/build/lib/python_basics_project
[1.398s] copying python_basics_project/robot_interface.py -> /home/user/ros2_ws/build/python_basics_project/build/lib/python_basics_project
[1.398s] copying python_basics_project/robot_control_classed.py -> /home/user/ros2_ws/build/python_basics_project/build/lib/python_basics_project
[1.398s] running install
[1.398s] running install_lib
[1.399s] creating /home/user/ros2_ws/install/python_basics_project/lib/python3.10/site-packages/python_basics_project
[1.399s] copying /home/user/ros2_ws/build/python_basics_project/build/lib/python_basics_project/robot_control_noclass.py -> /home/user/ros2_ws/install/python_basics_project/lib/python3.10/site-packages/python_basics_project
[1.399s] copying /home/user/ros2_ws/build/python_basics_project/build/lib/python_basics_project/__init__.py -> /home/user/ros2_ws/install/python_basics_project/lib/python3.10/site-packages/python_basics_project
[1.399s] copying /home/user/ros2_ws/build/python_basics_project/build/lib/python_basics_project/robot_interface.py -> /home/user/ros2_ws/install/python_basics_project/lib/python3.10/site-packages/python_basics_project
[1.399s] copying /home/user/ros2_ws/build/python_basics_project/build/lib/python_basics_project/robot_control_classed.py -> /home/user/ros2_ws/install/python_basics_project/lib/python3.10/site-packages/python_basics_project
[1.400s] byte-compiling /home/user/ros2_ws/install/python_basics_project/lib/python3.10/site-packages/python_basics_project/robot_control_noclass.py to robot_control_noclass.cpython-310.pyc
[1.400s] byte-compiling /home/user/ros2_ws/install/python_basics_project/lib/python3.10/site-packages/python_basics_project/__init__.py to __init__.cpython-310.pyc
[1.401s] byte-compiling /home/user/ros2_ws/install/python_basics_project/lib/python3.10/site-packages/python_basics_project/robot_interface.py to robot_interface.cpython-310.pyc
[1.402s] byte-compiling /home/user/ros2_ws/install/python_basics_project/lib/python3.10/site-packages/python_basics_project/robot_control_classed.py to robot_control_classed.cpython-310.pyc
[1.403s] running install_data
[1.403s] creating /home/user/ros2_ws/install/python_basics_project/share/ament_index
[1.403s] creating /home/user/ros2_ws/install/python_basics_project/share/ament_index/resource_index
[1.403s] creating /home/user/ros2_ws/install/python_basics_project/share/ament_index/resource_index/packages
[1.403s] copying resource/python_basics_project -> /home/user/ros2_ws/install/python_basics_project/share/ament_index/resource_index/packages
[1.403s] copying package.xml -> /home/user/ros2_ws/install/python_basics_project/share/python_basics_project
[1.403s] running install_egg_info
[1.406s] Copying ../../build/python_basics_project/python_basics_project.egg-info to /home/user/ros2_ws/install/python_basics_project/lib/python3.10/site-packages/python_basics_project-0.0.0-py3.10.egg-info
[1.407s] running install_scripts
[1.431s] Installing robot_interface script to /home/user/ros2_ws/install/python_basics_project/lib/python_basics_project
[1.432s] writing list of installed files to '/home/user/ros2_ws/build/python_basics_project/install.log'
[1.457s] Invoked command in '/home/user/ros2_ws/src/python_basics_project' returned '0': PYTHONPATH=/home/user/ros2_ws/build/python_basics_project/prefix_override:/home/user/ros2_ws/install/python_basics_project/lib/python3.10/site-packages:${PYTHONPATH} _=/usr/bin/env /usr/bin/python3 -W ignore:setup.py install is deprecated setup.py egg_info --egg-base ../../build/python_basics_project build --build-base /home/user/ros2_ws/build/python_basics_project/build install --record /home/user/ros2_ws/build/python_basics_project/install.log --single-version-externally-managed install_data
