[0.056s] Invoking command in '/home/user/simulation_ws/build/turtlebot3_cartographer': CMAKE_PREFIX_PATH=${CMAKE_PREFIX_PATH}:/home/simulations/ros2_sims_ws/install/rclrs_tests:/home/simulations/ros2_sims_ws/install/examples_rclrs_minimal_client_service:/home/simulations/ros2_sims_ws/install/sensor_msgs_py:/home/simulations/ros2_sims_ws/install/examples_rclrs_minimal_pub_sub:/home/simulations/ros2_sims_ws/install/examples_rclrs_message_demo:/home/simulations/ros2_sims_ws/install/rclrs:/home/simulations/ros2_sims_ws/install/rosidl_runtime_rs:/opt/ros/humble _=/usr/bin/env /usr/bin/cmake /home/user/simulation_ws/src/turtlebot3/turtlebot3_cartographer -DCMAKE_INSTALL_PREFIX=/home/user/simulation_ws/install/turtlebot3_cartographer
[0.528s] -- The C compiler identification is GNU 11.4.0
[0.529s] -- The CXX compiler identification is GNU 11.4.0
[0.529s] -- Detecting C compiler ABI info
[0.529s] -- Detecting C compiler ABI info - done
[0.529s] -- Check for working C compiler: /usr/bin/cc - skipped
[0.529s] -- Detecting C compile features
[0.529s] -- Detecting C compile features - done
[0.529s] -- Detecting CXX compiler ABI info
[0.529s] -- Detecting CXX compiler ABI info - done
[0.537s] -- Check for working CXX compiler: /usr/bin/c++ - skipped
[0.537s] -- Detecting CXX compile features
[0.547s] -- Detecting CXX compile features - done
[0.557s] -- Found ament_cmake: 1.3.8 (/opt/ros/humble/share/ament_cmake/cmake)
[0.931s] -- Found Python3: /usr/bin/python3 (found version "3.10.12") found components: Interpreter 
[1.381s] -- Configuring done
[1.392s] -- Generating done
[1.393s] -- Build files have been written to: /home/user/simulation_ws/build/turtlebot3_cartographer
[1.395s] Invoked command in '/home/user/simulation_ws/build/turtlebot3_cartographer' returned '0': CMAKE_PREFIX_PATH=${CMAKE_PREFIX_PATH}:/home/simulations/ros2_sims_ws/install/rclrs_tests:/home/simulations/ros2_sims_ws/install/examples_rclrs_minimal_client_service:/home/simulations/ros2_sims_ws/install/sensor_msgs_py:/home/simulations/ros2_sims_ws/install/examples_rclrs_minimal_pub_sub:/home/simulations/ros2_sims_ws/install/examples_rclrs_message_demo:/home/simulations/ros2_sims_ws/install/rclrs:/home/simulations/ros2_sims_ws/install/rosidl_runtime_rs:/opt/ros/humble _=/usr/bin/env /usr/bin/cmake /home/user/simulation_ws/src/turtlebot3/turtlebot3_cartographer -DCMAKE_INSTALL_PREFIX=/home/user/simulation_ws/install/turtlebot3_cartographer
[1.396s] Invoking command in '/home/user/simulation_ws/build/turtlebot3_cartographer': CMAKE_PREFIX_PATH=${CMAKE_PREFIX_PATH}:/home/simulations/ros2_sims_ws/install/rclrs_tests:/home/simulations/ros2_sims_ws/install/examples_rclrs_minimal_client_service:/home/simulations/ros2_sims_ws/install/sensor_msgs_py:/home/simulations/ros2_sims_ws/install/examples_rclrs_minimal_pub_sub:/home/simulations/ros2_sims_ws/install/examples_rclrs_message_demo:/home/simulations/ros2_sims_ws/install/rclrs:/home/simulations/ros2_sims_ws/install/rosidl_runtime_rs:/opt/ros/humble _=/usr/bin/env /usr/bin/cmake --build /home/user/simulation_ws/build/turtlebot3_cartographer -- -j8 -l8
[1.641s] Invoked command in '/home/user/simulation_ws/build/turtlebot3_cartographer' returned '0': CMAKE_PREFIX_PATH=${CMAKE_PREFIX_PATH}:/home/simulations/ros2_sims_ws/install/rclrs_tests:/home/simulations/ros2_sims_ws/install/examples_rclrs_minimal_client_service:/home/simulations/ros2_sims_ws/install/sensor_msgs_py:/home/simulations/ros2_sims_ws/install/examples_rclrs_minimal_pub_sub:/home/simulations/ros2_sims_ws/install/examples_rclrs_message_demo:/home/simulations/ros2_sims_ws/install/rclrs:/home/simulations/ros2_sims_ws/install/rosidl_runtime_rs:/opt/ros/humble _=/usr/bin/env /usr/bin/cmake --build /home/user/simulation_ws/build/turtlebot3_cartographer -- -j8 -l8
[1.737s] Invoking command in '/home/user/simulation_ws/build/turtlebot3_cartographer': CMAKE_PREFIX_PATH=${CMAKE_PREFIX_PATH}:/home/simulations/ros2_sims_ws/install/rclrs_tests:/home/simulations/ros2_sims_ws/install/examples_rclrs_minimal_client_service:/home/simulations/ros2_sims_ws/install/sensor_msgs_py:/home/simulations/ros2_sims_ws/install/examples_rclrs_minimal_pub_sub:/home/simulations/ros2_sims_ws/install/examples_rclrs_message_demo:/home/simulations/ros2_sims_ws/install/rclrs:/home/simulations/ros2_sims_ws/install/rosidl_runtime_rs:/opt/ros/humble _=/usr/bin/env /usr/bin/cmake --install /home/user/simulation_ws/build/turtlebot3_cartographer
[1.753s] -- Install configuration: ""
[1.753s] -- Installing: /home/user/simulation_ws/install/turtlebot3_cartographer/share/turtlebot3_cartographer/config
[1.754s] -- Installing: /home/user/simulation_ws/install/turtlebot3_cartographer/share/turtlebot3_cartographer/config/turtlebot3_lds_2d.lua
[1.754s] -- Installing: /home/user/simulation_ws/install/turtlebot3_cartographer/share/turtlebot3_cartographer/launch
[1.754s] -- Installing: /home/user/simulation_ws/install/turtlebot3_cartographer/share/turtlebot3_cartographer/launch/occupancy_grid.launch.py
[1.755s] -- Installing: /home/user/simulation_ws/install/turtlebot3_cartographer/share/turtlebot3_cartographer/launch/cartographer.launch.py
[1.755s] -- Installing: /home/user/simulation_ws/install/turtlebot3_cartographer/share/turtlebot3_cartographer/rviz
[1.755s] -- Installing: /home/user/simulation_ws/install/turtlebot3_cartographer/share/turtlebot3_cartographer/rviz/tb3_cartographer.rviz
[1.755s] -- Installing: /home/user/simulation_ws/install/turtlebot3_cartographer/share/ament_index/resource_index/package_run_dependencies/turtlebot3_cartographer
[1.755s] -- Installing: /home/user/simulation_ws/install/turtlebot3_cartographer/share/ament_index/resource_index/parent_prefix_path/turtlebot3_cartographer
[1.755s] -- Installing: /home/user/simulation_ws/install/turtlebot3_cartographer/share/turtlebot3_cartographer/environment/ament_prefix_path.sh
[1.756s] -- Installing: /home/user/simulation_ws/install/turtlebot3_cartographer/share/turtlebot3_cartographer/environment/ament_prefix_path.dsv
[1.756s] -- Installing: /home/user/simulation_ws/install/turtlebot3_cartographer/share/turtlebot3_cartographer/environment/path.sh
[1.756s] -- Installing: /home/user/simulation_ws/install/turtlebot3_cartographer/share/turtlebot3_cartographer/environment/path.dsv
[1.756s] -- Installing: /home/user/simulation_ws/install/turtlebot3_cartographer/share/turtlebot3_cartographer/local_setup.bash
[1.756s] -- Installing: /home/user/simulation_ws/install/turtlebot3_cartographer/share/turtlebot3_cartographer/local_setup.sh
[1.757s] -- Installing: /home/user/simulation_ws/install/turtlebot3_cartographer/share/turtlebot3_cartographer/local_setup.zsh
[1.757s] -- Installing: /home/user/simulation_ws/install/turtlebot3_cartographer/share/turtlebot3_cartographer/local_setup.dsv
[1.757s] -- Installing: /home/user/simulation_ws/install/turtlebot3_cartographer/share/turtlebot3_cartographer/package.dsv
[1.757s] -- Installing: /home/user/simulation_ws/install/turtlebot3_cartographer/share/ament_index/resource_index/packages/turtlebot3_cartographer
[1.757s] -- Installing: /home/user/simulation_ws/install/turtlebot3_cartographer/share/turtlebot3_cartographer/cmake/turtlebot3_cartographerConfig.cmake
[1.758s] -- Installing: /home/user/simulation_ws/install/turtlebot3_cartographer/share/turtlebot3_cartographer/cmake/turtlebot3_cartographerConfig-version.cmake
[1.758s] -- Installing: /home/user/simulation_ws/install/turtlebot3_cartographer/share/turtlebot3_cartographer/package.xml
[1.782s] Invoked command in '/home/user/simulation_ws/build/turtlebot3_cartographer' returned '0': CMAKE_PREFIX_PATH=${CMAKE_PREFIX_PATH}:/home/simulations/ros2_sims_ws/install/rclrs_tests:/home/simulations/ros2_sims_ws/install/examples_rclrs_minimal_client_service:/home/simulations/ros2_sims_ws/install/sensor_msgs_py:/home/simulations/ros2_sims_ws/install/examples_rclrs_minimal_pub_sub:/home/simulations/ros2_sims_ws/install/examples_rclrs_message_demo:/home/simulations/ros2_sims_ws/install/rclrs:/home/simulations/ros2_sims_ws/install/rosidl_runtime_rs:/opt/ros/humble _=/usr/bin/env /usr/bin/cmake --install /home/user/simulation_ws/build/turtlebot3_cartographer
