-- The C compiler identification is GNU 11.4.0
-- The CXX compiler identification is GNU 11.4.0
-- Detecting C compiler ABI info
-- Detecting C compiler ABI info - done
-- Check for working C compiler: /usr/bin/cc - skipped
-- Detecting C compile features
-- Detecting C compile features - done
-- Detecting CXX compiler ABI info
-- Detecting CXX compiler ABI info - done
-- Check for working CXX compiler: /usr/bin/c++ - skipped
-- Detecting CXX compile features
-- Detecting CXX compile features - done
-- Found ament_cmake: 1.3.8 (/opt/ros/humble/share/ament_cmake/cmake)
-- Found Python3: /usr/bin/python3 (found version "3.10.12") found components: Interpreter 
-- Found rclcpp: 16.0.8 (/opt/ros/humble/share/rclcpp/cmake)
-- Found rosidl_generator_c: 3.1.5 (/opt/ros/humble/share/rosidl_generator_c/cmake)
-- Found rosidl_adapter: 3.1.5 (/opt/ros/humble/share/rosidl_adapter/cmake)
-- Found rosidl_generator_cpp: 3.1.5 (/opt/ros/humble/share/rosidl_generator_cpp/cmake)
-- Using all available rosidl_typesupport_c: rosidl_typesupport_fastrtps_c;rosidl_typesupport_introspection_c
-- Using all available rosidl_typesupport_cpp: rosidl_typesupport_fastrtps_cpp;rosidl_typesupport_introspection_cpp
-- Found rmw_implementation_cmake: 6.1.1 (/opt/ros/humble/share/rmw_implementation_cmake/cmake)
-- Found rmw_fastrtps_cpp: 6.2.6 (/opt/ros/humble/share/rmw_fastrtps_cpp/cmake)
-- Found OpenSSL: /usr/lib/x86_64-linux-gnu/libcrypto.so (found version "3.0.2")  
-- Found FastRTPS: /opt/ros/humble/include  
-- Using RMW implementation 'rmw_fastrtps_cpp' as default
-- Looking for pthread.h
-- Looking for pthread.h - found
-- Performing Test CMAKE_HAVE_LIBC_PTHREAD
-- Performing Test CMAKE_HAVE_LIBC_PTHREAD - Success
-- Found Threads: TRUE  
-- Found geometry_msgs: 4.2.3 (/home/simulations/ros2_sims_ws/install/geometry_msgs/share/geometry_msgs/cmake)
-- Found nav_msgs: 4.2.3 (/home/simulations/ros2_sims_ws/install/nav_msgs/share/nav_msgs/cmake)
-- Found sensor_msgs: 4.2.3 (/home/simulations/ros2_sims_ws/install/sensor_msgs/share/sensor_msgs/cmake)
-- Found tf2: 0.25.6 (/opt/ros/humble/share/tf2/cmake)
-- Found ament_lint_auto: 0.12.10 (/opt/ros/humble/share/ament_lint_auto/cmake)
-- Added test 'flake8' to check Python code syntax and style conventions
-- Added test 'lint_cmake' to check CMake code style
-- Added test 'pep257' to check Python code against some of the docstring style conventions in PEP 257
-- Added test 'xmllint' to check XML markup files
-- Configuring done
-- Generating done
-- Build files have been written to: /home/user/simulation_ws/build/turtlebot3_realrobot
-- Install configuration: ""
-- Installing: /home/user/simulation_ws/install/turtlebot3_realrobot/share/turtlebot3_realrobot//launch
-- Installing: /home/user/simulation_ws/install/turtlebot3_realrobot/share/turtlebot3_realrobot//launch/rviz.launch.py
-- Installing: /home/user/simulation_ws/install/turtlebot3_realrobot/share/turtlebot3_realrobot//launch/robot_state_publisher.launch.py
-- Installing: /home/user/simulation_ws/install/turtlebot3_realrobot/share/turtlebot3_realrobot//launch/main_turtlebot3_lab.launch.xml
-- Installing: /home/user/simulation_ws/install/turtlebot3_realrobot/share/turtlebot3_realrobot//rviz
-- Installing: /home/user/simulation_ws/install/turtlebot3_realrobot/share/turtlebot3_realrobot//rviz/tb3_burger.rviz
-- Installing: /home/user/simulation_ws/install/turtlebot3_realrobot/share/ament_index/resource_index/package_run_dependencies/turtlebot3_realrobot
-- Installing: /home/user/simulation_ws/install/turtlebot3_realrobot/share/ament_index/resource_index/parent_prefix_path/turtlebot3_realrobot
-- Installing: /home/user/simulation_ws/install/turtlebot3_realrobot/share/turtlebot3_realrobot/environment/ament_prefix_path.sh
-- Installing: /home/user/simulation_ws/install/turtlebot3_realrobot/share/turtlebot3_realrobot/environment/ament_prefix_path.dsv
-- Installing: /home/user/simulation_ws/install/turtlebot3_realrobot/share/turtlebot3_realrobot/environment/path.sh
-- Installing: /home/user/simulation_ws/install/turtlebot3_realrobot/share/turtlebot3_realrobot/environment/path.dsv
-- Installing: /home/user/simulation_ws/install/turtlebot3_realrobot/share/turtlebot3_realrobot/local_setup.bash
-- Installing: /home/user/simulation_ws/install/turtlebot3_realrobot/share/turtlebot3_realrobot/local_setup.sh
-- Installing: /home/user/simulation_ws/install/turtlebot3_realrobot/share/turtlebot3_realrobot/local_setup.zsh
-- Installing: /home/user/simulation_ws/install/turtlebot3_realrobot/share/turtlebot3_realrobot/local_setup.dsv
-- Installing: /home/user/simulation_ws/install/turtlebot3_realrobot/share/turtlebot3_realrobot/package.dsv
-- Installing: /home/user/simulation_ws/install/turtlebot3_realrobot/share/ament_index/resource_index/packages/turtlebot3_realrobot
-- Installing: /home/user/simulation_ws/install/turtlebot3_realrobot/share/turtlebot3_realrobot/cmake/turtlebot3_realrobotConfig.cmake
-- Installing: /home/user/simulation_ws/install/turtlebot3_realrobot/share/turtlebot3_realrobot/cmake/turtlebot3_realrobotConfig-version.cmake
-- Installing: /home/user/simulation_ws/install/turtlebot3_realrobot/share/turtlebot3_realrobot/package.xml
