[0.508s] Invoking command in '/home/user/simulation_ws/build/turtlebot3_realrobot': CMAKE_PREFIX_PATH=${CMAKE_PREFIX_PATH}:/home/simulations/ros2_sims_ws/install/rclrs_tests:/home/simulations/ros2_sims_ws/install/examples_rclrs_minimal_client_service:/home/simulations/ros2_sims_ws/install/sensor_msgs_py:/home/simulations/ros2_sims_ws/install/examples_rclrs_minimal_pub_sub:/home/simulations/ros2_sims_ws/install/examples_rclrs_message_demo:/home/simulations/ros2_sims_ws/install/rclrs:/home/simulations/ros2_sims_ws/install/rosidl_runtime_rs:/opt/ros/humble _=/usr/bin/env /usr/bin/cmake /home/user/simulation_ws/src/turtlebot3_ros2/turtlebot3_realrobot -DCMAKE_INSTALL_PREFIX=/home/user/simulation_ws/install/turtlebot3_realrobot
[1.338s] -- The C compiler identification is GNU 11.4.0
[1.338s] -- The CXX compiler identification is GNU 11.4.0
[1.338s] -- Detecting C compiler ABI info
[1.338s] -- Detecting C compiler ABI info - done
[1.338s] -- Check for working C compiler: /usr/bin/cc - skipped
[1.338s] -- Detecting C compile features
[1.338s] -- Detecting C compile features - done
[1.338s] -- Detecting CXX compiler ABI info
[1.338s] -- Detecting CXX compiler ABI info - done
[1.339s] -- Check for working CXX compiler: /usr/bin/c++ - skipped
[1.339s] -- Detecting CXX compile features
[1.339s] -- Detecting CXX compile features - done
[1.339s] -- Found ament_cmake: 1.3.8 (/opt/ros/humble/share/ament_cmake/cmake)
[1.536s] -- Found Python3: /usr/bin/python3 (found version "3.10.12") found components: Interpreter 
[1.856s] -- Found rclcpp: 16.0.8 (/opt/ros/humble/share/rclcpp/cmake)
[2.038s] -- Found rosidl_generator_c: 3.1.5 (/opt/ros/humble/share/rosidl_generator_c/cmake)
[2.066s] -- Found rosidl_adapter: 3.1.5 (/opt/ros/humble/share/rosidl_adapter/cmake)
[2.100s] -- Found rosidl_generator_cpp: 3.1.5 (/opt/ros/humble/share/rosidl_generator_cpp/cmake)
[2.150s] -- Using all available rosidl_typesupport_c: rosidl_typesupport_fastrtps_c;rosidl_typesupport_introspection_c
[2.222s] -- Using all available rosidl_typesupport_cpp: rosidl_typesupport_fastrtps_cpp;rosidl_typesupport_introspection_cpp
[2.427s] -- Found rmw_implementation_cmake: 6.1.1 (/opt/ros/humble/share/rmw_implementation_cmake/cmake)
[2.440s] -- Found rmw_fastrtps_cpp: 6.2.6 (/opt/ros/humble/share/rmw_fastrtps_cpp/cmake)
[2.676s] -- Found OpenSSL: /usr/lib/x86_64-linux-gnu/libcrypto.so (found version "3.0.2")  
[2.732s] -- Found FastRTPS: /opt/ros/humble/include  
[2.851s] -- Using RMW implementation 'rmw_fastrtps_cpp' as default
[2.897s] -- Looking for pthread.h
[3.000s] -- Looking for pthread.h - found
[3.001s] -- Performing Test CMAKE_HAVE_LIBC_PTHREAD
[3.101s] -- Performing Test CMAKE_HAVE_LIBC_PTHREAD - Success
[3.103s] -- Found Threads: TRUE  
[3.332s] -- Found geometry_msgs: 4.2.3 (/home/simulations/ros2_sims_ws/install/geometry_msgs/share/geometry_msgs/cmake)
[3.381s] -- Found nav_msgs: 4.2.3 (/home/simulations/ros2_sims_ws/install/nav_msgs/share/nav_msgs/cmake)
[3.482s] -- Found sensor_msgs: 4.2.3 (/home/simulations/ros2_sims_ws/install/sensor_msgs/share/sensor_msgs/cmake)
[3.593s] -- Found tf2: 0.25.6 (/opt/ros/humble/share/tf2/cmake)
[3.629s] -- Found ament_lint_auto: 0.12.10 (/opt/ros/humble/share/ament_lint_auto/cmake)
[3.785s] -- Added test 'flake8' to check Python code syntax and style conventions
[3.787s] -- Added test 'lint_cmake' to check CMake code style
[3.788s] -- Added test 'pep257' to check Python code against some of the docstring style conventions in PEP 257
[3.790s] -- Added test 'xmllint' to check XML markup files
[3.793s] -- Configuring done
[3.800s] -- Generating done
[3.801s] -- Build files have been written to: /home/user/simulation_ws/build/turtlebot3_realrobot
[3.817s] Invoked command in '/home/user/simulation_ws/build/turtlebot3_realrobot' returned '0': CMAKE_PREFIX_PATH=${CMAKE_PREFIX_PATH}:/home/simulations/ros2_sims_ws/install/rclrs_tests:/home/simulations/ros2_sims_ws/install/examples_rclrs_minimal_client_service:/home/simulations/ros2_sims_ws/install/sensor_msgs_py:/home/simulations/ros2_sims_ws/install/examples_rclrs_minimal_pub_sub:/home/simulations/ros2_sims_ws/install/examples_rclrs_message_demo:/home/simulations/ros2_sims_ws/install/rclrs:/home/simulations/ros2_sims_ws/install/rosidl_runtime_rs:/opt/ros/humble _=/usr/bin/env /usr/bin/cmake /home/user/simulation_ws/src/turtlebot3_ros2/turtlebot3_realrobot -DCMAKE_INSTALL_PREFIX=/home/user/simulation_ws/install/turtlebot3_realrobot
[3.818s] Invoking command in '/home/user/simulation_ws/build/turtlebot3_realrobot': CMAKE_PREFIX_PATH=${CMAKE_PREFIX_PATH}:/home/simulations/ros2_sims_ws/install/rclrs_tests:/home/simulations/ros2_sims_ws/install/examples_rclrs_minimal_client_service:/home/simulations/ros2_sims_ws/install/sensor_msgs_py:/home/simulations/ros2_sims_ws/install/examples_rclrs_minimal_pub_sub:/home/simulations/ros2_sims_ws/install/examples_rclrs_message_demo:/home/simulations/ros2_sims_ws/install/rclrs:/home/simulations/ros2_sims_ws/install/rosidl_runtime_rs:/opt/ros/humble _=/usr/bin/env /usr/bin/cmake --build /home/user/simulation_ws/build/turtlebot3_realrobot -- -j8 -l8
[3.877s] Invoked command in '/home/user/simulation_ws/build/turtlebot3_realrobot' returned '0': CMAKE_PREFIX_PATH=${CMAKE_PREFIX_PATH}:/home/simulations/ros2_sims_ws/install/rclrs_tests:/home/simulations/ros2_sims_ws/install/examples_rclrs_minimal_client_service:/home/simulations/ros2_sims_ws/install/sensor_msgs_py:/home/simulations/ros2_sims_ws/install/examples_rclrs_minimal_pub_sub:/home/simulations/ros2_sims_ws/install/examples_rclrs_message_demo:/home/simulations/ros2_sims_ws/install/rclrs:/home/simulations/ros2_sims_ws/install/rosidl_runtime_rs:/opt/ros/humble _=/usr/bin/env /usr/bin/cmake --build /home/user/simulation_ws/build/turtlebot3_realrobot -- -j8 -l8
[3.924s] Invoking command in '/home/user/simulation_ws/build/turtlebot3_realrobot': CMAKE_PREFIX_PATH=${CMAKE_PREFIX_PATH}:/home/simulations/ros2_sims_ws/install/rclrs_tests:/home/simulations/ros2_sims_ws/install/examples_rclrs_minimal_client_service:/home/simulations/ros2_sims_ws/install/sensor_msgs_py:/home/simulations/ros2_sims_ws/install/examples_rclrs_minimal_pub_sub:/home/simulations/ros2_sims_ws/install/examples_rclrs_message_demo:/home/simulations/ros2_sims_ws/install/rclrs:/home/simulations/ros2_sims_ws/install/rosidl_runtime_rs:/opt/ros/humble _=/usr/bin/env /usr/bin/cmake --install /home/user/simulation_ws/build/turtlebot3_realrobot
[3.933s] -- Install configuration: ""
[3.933s] -- Installing: /home/user/simulation_ws/install/turtlebot3_realrobot/share/turtlebot3_realrobot//launch
[3.933s] -- Installing: /home/user/simulation_ws/install/turtlebot3_realrobot/share/turtlebot3_realrobot//launch/rviz.launch.py
[3.934s] -- Installing: /home/user/simulation_ws/install/turtlebot3_realrobot/share/turtlebot3_realrobot//launch/robot_state_publisher.launch.py
[3.934s] -- Installing: /home/user/simulation_ws/install/turtlebot3_realrobot/share/turtlebot3_realrobot//launch/main_turtlebot3_lab.launch.xml
[3.934s] -- Installing: /home/user/simulation_ws/install/turtlebot3_realrobot/share/turtlebot3_realrobot//rviz
[3.934s] -- Installing: /home/user/simulation_ws/install/turtlebot3_realrobot/share/turtlebot3_realrobot//rviz/tb3_burger.rviz
[3.934s] -- Installing: /home/user/simulation_ws/install/turtlebot3_realrobot/share/ament_index/resource_index/package_run_dependencies/turtlebot3_realrobot
[3.934s] -- Installing: /home/user/simulation_ws/install/turtlebot3_realrobot/share/ament_index/resource_index/parent_prefix_path/turtlebot3_realrobot
[3.935s] -- Installing: /home/user/simulation_ws/install/turtlebot3_realrobot/share/turtlebot3_realrobot/environment/ament_prefix_path.sh
[3.935s] -- Installing: /home/user/simulation_ws/install/turtlebot3_realrobot/share/turtlebot3_realrobot/environment/ament_prefix_path.dsv
[3.935s] -- Installing: /home/user/simulation_ws/install/turtlebot3_realrobot/share/turtlebot3_realrobot/environment/path.sh
[3.936s] -- Installing: /home/user/simulation_ws/install/turtlebot3_realrobot/share/turtlebot3_realrobot/environment/path.dsv
[3.936s] -- Installing: /home/user/simulation_ws/install/turtlebot3_realrobot/share/turtlebot3_realrobot/local_setup.bash
[3.936s] -- Installing: /home/user/simulation_ws/install/turtlebot3_realrobot/share/turtlebot3_realrobot/local_setup.sh
[3.936s] -- Installing: /home/user/simulation_ws/install/turtlebot3_realrobot/share/turtlebot3_realrobot/local_setup.zsh
[3.936s] -- Installing: /home/user/simulation_ws/install/turtlebot3_realrobot/share/turtlebot3_realrobot/local_setup.dsv
[3.936s] -- Installing: /home/user/simulation_ws/install/turtlebot3_realrobot/share/turtlebot3_realrobot/package.dsv
[3.936s] -- Installing: /home/user/simulation_ws/install/turtlebot3_realrobot/share/ament_index/resource_index/packages/turtlebot3_realrobot
[3.936s] -- Installing: /home/user/simulation_ws/install/turtlebot3_realrobot/share/turtlebot3_realrobot/cmake/turtlebot3_realrobotConfig.cmake
[3.937s] -- Installing: /home/user/simulation_ws/install/turtlebot3_realrobot/share/turtlebot3_realrobot/cmake/turtlebot3_realrobotConfig-version.cmake
[3.937s] -- Installing: /home/user/simulation_ws/install/turtlebot3_realrobot/share/turtlebot3_realrobot/package.xml
[3.939s] Invoked command in '/home/user/simulation_ws/build/turtlebot3_realrobot' returned '0': CMAKE_PREFIX_PATH=${CMAKE_PREFIX_PATH}:/home/simulations/ros2_sims_ws/install/rclrs_tests:/home/simulations/ros2_sims_ws/install/examples_rclrs_minimal_client_service:/home/simulations/ros2_sims_ws/install/sensor_msgs_py:/home/simulations/ros2_sims_ws/install/examples_rclrs_minimal_pub_sub:/home/simulations/ros2_sims_ws/install/examples_rclrs_message_demo:/home/simulations/ros2_sims_ws/install/rclrs:/home/simulations/ros2_sims_ws/install/rosidl_runtime_rs:/opt/ros/humble _=/usr/bin/env /usr/bin/cmake --install /home/user/simulation_ws/build/turtlebot3_realrobot
